<?xml version="1.0" encoding="UTF-8"?>
<!-- Generated by org.testng.reporters.JUnitReportReporter -->
<testsuite hostname="cubes-school-teacher" failures="0" tests="1" name="cubes.NewTest" time="3.396" errors="0" timestamp="2022-05-23T18:39:29 CEST" skipped="0">
  <testcase classname="cubes.NewTest" name="testAddTag" time="3.396"/>
  <system-out/>
</testsuite> <!-- cubes.NewTest -->
